yarn run v1.17.0
$ babel-node train.js
2019-06-28 17:01:58.104590: I tensorflow/core/platform/cpu_feature_guard.cc:141] Your CPU supports instructions that this TensorFlow binary was not compiled to use: SSE4.2 AVX AVX2 FMA
args: {
  "gpu": false,
  "height": 9,
  "width": 9,
  "numFruits": 1,
  "initLen": 2,
  "cumulativeRewardThreshold": 100,
  "maxNumFrames": 1000000,
  "replayBufferSize": 10000,
  "epsilonInit": 0.5,
  "epsilonFinal": 0.01,
  "epsilonDecayFrames": 100000,
  "batchSize": 64,
  "gamma": 0.99,
  "learningRate": 0.001,
  "syncEveryFrames": 1000,
  "savePath": "./models/dqn",
  "logDir": null
}
Frame #10028: cumulativeReward100=-0.2; eaten100=0.00 (epsilon=0.451) (5.8 frames/s)
Saved DQN to ./models/dqn
Frame #10051: cumulativeReward100=-0.3; eaten100=0.00 (epsilon=0.451) (5.8 frames/s)
Frame #10059: cumulativeReward100=-0.4; eaten100=0.00 (epsilon=0.451) (6.0 frames/s)
Frame #10088: cumulativeReward100=-0.6; eaten100=0.00 (epsilon=0.451) (5.8 frames/s)
Frame #10163: cumulativeReward100=-0.7; eaten100=0.01 (epsilon=0.450) (5.5 frames/s)
Frame #10174: cumulativeReward100=-0.8; eaten100=0.01 (epsilon=0.450) (5.8 frames/s)
Frame #10177: cumulativeReward100=-0.9; eaten100=0.01 (epsilon=0.450) (5.6 frames/s)
Frame #10194: cumulativeReward100=-1.1; eaten100=0.01 (epsilon=0.450) (5.8 frames/s)
Frame #10208: cumulativeReward100=-1.2; eaten100=0.01 (epsilon=0.450) (5.6 frames/s)
Frame #10211: cumulativeReward100=-1.3; eaten100=0.01 (epsilon=0.450) (5.7 frames/s)
Frame #10218: cumulativeReward100=-1.4; eaten100=0.01 (epsilon=0.450) (5.7 frames/s)
Frame #10238: cumulativeReward100=-1.6; eaten100=0.01 (epsilon=0.450) (5.8 frames/s)
